<!DOCTYPE html>
<html>
	<head>
        <meta http-equiv="content-type" content="text/html; charset=UTF-8" />
		<title>Unnamed project Test Execution Report</title>
        <script type="text/javascript" src="http://code.jquery.com/jquery-1.6.2.min.js"></script>
        <script type="text/javascript">
            /**
            * jQuery.fn.sortElements
            * --------------
            * #author James Padolsey (http://james.padolsey.com)
            * #version 0.11
            * #updated 18-MAR-2010
            * #url https://raw.github.com/jamespadolsey/jQuery-Plugins/master/sortElements/jquery.sortElements.js
            * --------------
            * #param Function comparator:
            *   Exactly the same behaviour as [1,2,3].sort(comparator)
            *   
            * #param Function getSortable
            *   A function that should return the element that is
            *   to be sorted. The comparator will run on the
            *   current collection, but you may want the actual
            *   resulting sort to occur on a parent or another
            *   associated element.
            *   
            *   E.g. $('td').sortElements(comparator, function(){
            *      return this.parentNode; 
            *   })
            *   
            *   The <td>'s parent (<tr>) will be sorted instead
            *   of the <td> itself.
            */
            jQuery.fn.sortElements = (function () {

                var sort = [].sort;

                return function (comparator, getSortable) {

                    getSortable = getSortable || function () { return this; };

                    var placements = this.map(function () {

                        var sortElement = getSortable.call(this),
                parentNode = sortElement.parentNode,

                        // Since the element itself will change position, we have
                        // to have some way of storing it's original position in
                        // the DOM. The easiest way is to have a 'flag' node:
                nextSibling = parentNode.insertBefore(
                    document.createTextNode(''),
                    sortElement.nextSibling
                );

                        return function () {

                            if (parentNode === this) {
                                throw new Error(
                        "You can't sort elements if any one is a descendant of another."
                    );
                            }

                            // Insert before flag:
                            parentNode.insertBefore(this, nextSibling);
                            // Remove flag:
                            parentNode.removeChild(nextSibling);

                        };

                    });

                    return sort.call(this, comparator).each(function (i) {
                        placements[i].call(getSortable.call(this));
                    });

                };

            })();
        </script>
        <script type="text/javascript">
            jQuery.fn.setBarSizes = (function () {
                return function (metricName, maxBarSize, min) {
                    var max = Math.max.apply(Math, $.makeArray($(this).map(function () { return Number($(this).attr('data-sr-' + metricName)); })));
                    var scale = 1.0;
                    while (max > 0.0 && max <= 10.0) {
                        scale = scale * 10.0;
                        max = max * 10.0;
                    }
                    max = (Math.ceil(max / 2) * 2) / scale;

                    this.each(function () {
                        var barAnchor = $(this).find('a');
                        var actual = $(this).attr('data-sr-' + metricName);
                        var newHeight = Math.max(Math.round(maxBarSize * (actual - min) / (max - min)), 2);
                        barAnchor.css({ height: newHeight });
                    });

                    var unit = "";
                    if (metricName.substr(metricName.length - 4, 4) === "time")
                        unit = "s";

                    $('#testview .scale-min-label').each(function () {
                        $(this).text(min.toString() + unit);
                    });
                    $('#testview .scale-max-label').each(function () {
                        $(this).text(max.toString() + unit);
                    });
                    var mid = max / 2;
                    $('#testview .scale-mid-label').each(function () {
                        $(this).text(mid.toString() + unit);
                    });
                };
            })();

            function getComparer(metricName, isDesc) {
                return function (a, b) {
                    var aNumber = Number($(a).attr('data-sr-' + metricName));
                    var bNumber = Number($(b).attr('data-sr-' + metricName));
                    var result = aNumber > bNumber ? 1 : (aNumber < bNumber ? -1 : 0);
                    if (isDesc)
                        result = -1 * result;

                    if (result == 0 && metricName != "order")
                        result = getComparer("order", false)(a, b);

                    return result;
                };
            }

            var currentSort = "";
            function doSort(allowToggleDesc) {
                var newSort = $("input[name='barSortOrder']:checked").val();
                if (allowToggleDesc && currentSort == newSort) {
                    $('#barSortDesc').click();
                    doSort(false);
                    return;
                }
                currentSort = newSort;
                $('#testview td.testview-item').sortElements(getComparer(newSort, $('#barSortDesc').is(':checked')));
            }


            function doSetHeights(allowSort) {
                var selectedMetric = $("input[name='barHeight']:checked").val();
                $('#testview td.testview-item').setBarSizes(selectedMetric, 60, 0.0);

                if (allowSort && currentSort != selectedMetric) {
                    var $radios = $("input[name='barSortOrder']");
                    $radios.filter('[value=' + selectedMetric + ']').attr('checked', true);
                    $("#barSortDesc").attr("checked", [true]);
                    doSort(false);
                }
            }

            $(document).ready(function () {
                $("input[name='barSortOrder']").click(function () { doSort(true); return true; });
                $("input[name='barSortDesc']").change(function () { doSort(false); });
                $("input[name='barHeight']").change(function () { doSetHeights(true); });

                doSort(false);
                doSetHeights(false);

                $("div.scrollable").css({ 'overflow': 'auto' });
            });
        </script>

        <style type="text/css">
            body 
            {
                color: #000000;
                font-family: Arial,Liberation Sans,DejaVu Sans,sans-serif;
                line-height: 130%;
            }
            h1 {
                font-family: Trebuchet MS,Liberation Sans,DejaVu Sans,sans-serif;
                font-size: 170%;
                font-weight: bold;
            }            
            h2 {
                font-family: Trebuchet MS,Liberation Sans,DejaVu Sans,sans-serif;
                font-size: 130%;
                font-weight: bold;
                margin-bottom: 5px;
            }            
            h3 {
                font-family: Trebuchet MS,Liberation Sans,DejaVu Sans,sans-serif;
                font-size: 120%;
                font-weight: bold;
                margin-bottom: 5px;
            }            
            a.bar
            {
                text-decoration: none;
                display: block;
                line-height: 1px;
            }
            .description
            {
                font-style: italic;
            }
            .log 
            {
                width: 600px;
                white-space: pre-wrap;
                display: block;
                margin: 0px;
            }
            .errorMessage 
            {
                width: 600px;
                color: Red;
                font-weight: bold;
            }
            .stackTrace 
            {
                width: 600px;
                white-space: pre-wrap;
                font-style: italic;
                color: Red;
                display: block;
            }
            table.testEvents
            {
                border: solid 1px #e8eef4;
                border-collapse: collapse;
            }
            table.testEvents td
            {
                vertical-align: top;
                padding: 5px;
                border: solid 1px #e8eef4;
            }
            table.testEvents th
            {
                padding: 6px 5px;
                text-align: left;
                background-color: #e8eef4;
                border: solid 1px #e8eef4;                
            }
            .comment
            {
                font-style: italic;
                font-size: smaller;
            }
            .startupBar
            {
                background-color: #EEEEEE;
                cursor: default;
            }
            
            .colorSucceeded
            {
                background-color: #90ED7B;
            }
            .colorIgnored
            {
                background-color: #FFFF85;
            }
            .colorPending
            {
                background-color: #D47BED;
            }
            .colorNothingToRun
            {
                background-color: #CCCCFF;
            }
            .colorSkipped
            {
                background-color: #CCCCFF;
            }
            .colorInconclusive
            {
                background-color: #7BEDED;
            }
            .colorCleanupFailed
            {
                background-color: #FFCCCC;
            }
            .colorRandomlyFailed
            {
                background-color: #EDB07B;
            }
            .colorFailed
            {
                background-color: #ED5F5F;
            }
            .colorInitializationFailed
            {
                background-color: #FF0000;
            }
            .colorFrameworkError
            {
                background-color: #FF0000;
            }
            ul.subNodeLinks
            {
                padding-left: 20px;
                margin: 0px;
            }
            ul.subNodeLinks li
            {
                list-style: none;
            }
            
            /* views general */
            div.scrollable
            {
                /*overflow: auto; - thsi has to be set from js, because of an IE9 bug */
            }
            div.viewbox
            {
                position: relative;
                border: 3px solid #e8eef4;
            }
            div.viewbox table
            {
                border: 0px;
            }
                        
            /* testview */
            #testview
            {
                padding-top: 23px;
            }
            
            table.testview-items td
            {
                vertical-align: bottom;
                padding: 0px 1px 0px 1px;
            }
            td.right-padding, td.left-padding
            {
                width: 25px;
                min-width: 25px;
            }
            table.testview-items a.bar
            {
                width: 5px;
            }
            table.testview-items tr.testview-items-row
            {
                height: 60px;
            }
            
            /* scale */
            table.vertical-scale 
            {
                position: absolute;
                top: 23px;
                left: 0px;
                width: 100%;
                z-index: -100;
            }
            table.vertical-scale td, tr.horizontal-scale td
            {
                font-size: 60%;
                line-height: normal;
            }
            table.vertical-scale tr.scale-max, table.vertical-scale tr.scale-mid 
            {
                height: 30px;
            }
            tr.horizontal-scale, table.vertical-scale tr.scale-min 
            {
                height: 12px;
            }
            
            td.scale-max-label, td.scale-mid-label, td.scale-min-label
            {
                border-top: solid 1px #E6E6E6;
                text-align: left;
                vertical-align: top;
            }
            td.scale-10-label
            {
                border-left: solid 1px #E6E6E6;
                text-align: left;
                vertical-align: bottom;
                padding-left: 1px;
            }
            tr.scale-mid td, tr.scale-min td, tr.scale-max td
            {
                border-top: solid 1px #E6E6E6;
            }
           
            
            /* bar-control */
            #bar-control
            {
                font-size: 60%;
                line-height: normal;
                position: absolute;
                right: 0px;
                top: 0px;
            }
            #bar-control label
            {
                font-weight: bold;
                vertical-align: middle;
            }
            #bar-control .option
            {
                vertical-align: middle;
                text-transform: lowercase;
            }
            #bar-control input[type="checkbox"]
            {
                padding: 0 2px 0 3px;
            }
            #bar-control input
            {
                vertical-align: top;
                height: 12px;
                margin: 0px;
                padding: 0px;
            }
            #bar-control div
            {
                float: right;
                margin: 3px 5px 3px 5px;
            }
            
            
            /* timeline view */
            #timelineview
            {
                padding-top: 5px;
            }
            table.timelineview a
            {
                height: 20px;
            }
            table.timelineview td
            {
                vertical-align: bottom;
                padding: 0px 1px 0px 0px;
                border: 0px;
            }
            tr.thread-items-row
            {
                height: 25px;
            }
            tr.thread-items-row td
            {
                vertical-align: bottom;
            }
            td.thread-label
            {
                padding: 0px 6px 0px 6px;
                text-align: right;
                line-height: 18px;
                vertical-align: bottom;
            }
            th.thread-label
            {
                padding: 3px 6px 0px 6px;
                line-height: 18px;
                text-align: left;
                vertical-align: bottom;
            }
        </style>
	</head>
	<body>
        <h1>Unnamed project Test Execution Report</h1>
        <ul>
            <li>Project: Unnamed project</li>
            <li>Configuration: </li>
            <li>Test Assemblies: D:\Dokumenty\automation projects\Ryanair\SpecDriver\bin\Debug\RyanAirBookFlight.dll</li>
            <li>Start Time: 2016-02-08 23:53:07</li>
            <li>Duration: 00:02:57.5353496</li>
            <li>Test Threads: 1</li>
        </ul>

        <h2>Result: 1 failed</h2>
        <table class="testEvents">
                <tr>
        <th colspan="2">Success rate</th>
        <th>Tests</th>
        <th>Succeeded</th>
        <th>Failed</th>
        <th>Pending</th>
        <th>Ignored</th>
        <th>Skipped</th>
    </tr>

                <tr>
            <td>
            0%
    </td>
    <td>
        <table class="timelineview" cellpadding="0" cellspacing="0">
            <tr>
                    <td>
                        <a class="bar colorFailed" 
                                style="width: 199px;" 
                                title="1 failed" 
                                                    href="#error_summary"
                                />
                    </td>
            </tr>
        </table>
    </td>
    <td>1 (test executions: 3)</td>
    <td>0</td>
    <td>1</td>
    <td>0</td>
    <td>0</td>
    <td>0</td>

    </tr>

        </table>
        
        <h2>Test Timeline Summary</h2>

        <div id="timelineview" class="viewbox">
            <div class="scrollable">
                <table cellpadding="0" cellspacing="0">
                    <tr>
                        <th class="thread-label" colspan="2">thread</th>
                    </tr>
                        <tr class="thread-items-row">
                            <td class="thread-label" title="Machine: BIL">#0</td>
                            <td colspan="1">
                                <table class="timelineview" cellpadding="0" cellspacing="0">
                                    <tr>

                                            <td>
        <a
            class="bar startupBar" 
            style="width: 3px;" 
                title="test thread startup" 
        >&nbsp;</a>
    </td>

    <td>
        <a
            class="bar colorFailed" 
            style="width: 8px;" 
                title="BookAOneWayFlightForAdultsAndChildren(&quot;Dublin&quot;,&quot;Berlin&quot;,&quot;11/03/2016&quot;,&quot;2&quot;,&quot;1&quot;,&quot;VISA&quot;,&quot;5555555555555557&quot;,&quot;265&quot;,&quot;10/18&quot;,&quot;Piotr&quot;,&quot;Kula&quot;,&quot;Mr&quot;,&quot;Address&quot;,&quot;Dublin&quot;,&quot;12345&quot;,&quot;Ireland&quot;,&quot;example_email@gmail.com&quot;,&quot;Poland&quot;,&quot;888888888&quot;,System.String[]) (in BookAOneWayFlightForAdultsAndChildren)" 
                href="#t1317676712.0"
        >&nbsp;</a>
    </td>
    <td>
        <a
            class="bar colorFailed" 
            style="width: 3px;" 
                title="BookAOneWayFlightForAdultsAndChildren(&quot;Dublin&quot;,&quot;Berlin&quot;,&quot;11/03/2016&quot;,&quot;2&quot;,&quot;1&quot;,&quot;VISA&quot;,&quot;5555555555555557&quot;,&quot;265&quot;,&quot;10/18&quot;,&quot;Piotr&quot;,&quot;Kula&quot;,&quot;Mr&quot;,&quot;Address&quot;,&quot;Dublin&quot;,&quot;12345&quot;,&quot;Ireland&quot;,&quot;example_email@gmail.com&quot;,&quot;Poland&quot;,&quot;888888888&quot;,System.String[]) (in BookAOneWayFlightForAdultsAndChildren) retry #1" 
                href="#t1317676712.1"
        >&nbsp;</a>
    </td>
    <td>
        <a
            class="bar colorFailed" 
            style="width: 3px;" 
                title="BookAOneWayFlightForAdultsAndChildren(&quot;Dublin&quot;,&quot;Berlin&quot;,&quot;11/03/2016&quot;,&quot;2&quot;,&quot;1&quot;,&quot;VISA&quot;,&quot;5555555555555557&quot;,&quot;265&quot;,&quot;10/18&quot;,&quot;Piotr&quot;,&quot;Kula&quot;,&quot;Mr&quot;,&quot;Address&quot;,&quot;Dublin&quot;,&quot;12345&quot;,&quot;Ireland&quot;,&quot;example_email@gmail.com&quot;,&quot;Poland&quot;,&quot;888888888&quot;,System.String[]) (in BookAOneWayFlightForAdultsAndChildren) retry #2" 
                href="#t1317676712.2"
        >&nbsp;</a>
    </td>
                                    </tr>
                                </table>
                            </td>
                        </tr>
                    <tr class="horizontal-scale">
                        <td>&nbsp;</td>
                        <td class="scale-10-label">0s</td>
                    </tr>
                </table>
            </div>
        </div>

        <h2>Test Result View</h2>
        <div id="testview" class="viewbox">
            <div id="bar-control">
                <div id="bar-control-sort">
                    <label>sort by:</label>
                    <span class="option"><input type="radio" name="barSortOrder" value="exectime" />Time</span>
                    <span class="option"><input type="radio" name="barSortOrder" value="acttime" />Act Time</span>
                    <span class="option"><input type="radio" name="barSortOrder" value="order" />Execution</span>
                    <span class="option"><input type="radio" name="barSortOrder" value="rescode" checked="checked" />Result</span>
                    <span class="option"><input type="checkbox" name="barSortDesc" id="barSortDesc" checked="checked" />desc</span>
                </div>
                <div id="bar-control-heights">
                    <label>heights:</label>
                    <span class="option"><input type="radio" checked="checked" name="barHeight" value="exectime" />Time</span>
                    <span class="option"><input type="radio" name="barHeight" value="acttime" />Act Time</span>
                    
                </div>
            </div>
            <table class="vertical-scale" cellpadding="0" cellspacing="0">
                <tr class="scale-max">
                    <td class="left-padding scale-max-label">&nbsp;</td>
                    <td colspan="3">&nbsp;</td>
                    <td class="right-padding">&nbsp;</td>
                </tr>
                <tr class="scale-mid">
                    <td class="left-padding scale-mid-label">&nbsp;</td>
                    <td colspan="3">&nbsp;</td>
                    <td class="right-padding">&nbsp;</td>
                </tr>
                <tr class="scale-min">
                    <td class="left-padding scale-min-label">&nbsp;</td>
                    <td colspan="3">&nbsp;</td>
                    <td class="right-padding">&nbsp;</td>
                </tr>
            </table>
            <div class="scrollable">
                <table class="testview-items" cellpadding="0" cellspacing="0">
                    <tr class="testview-items-row">
                        <td class="left-padding">&nbsp;</td>
    <td class="testview-item" 
        data-sr-exectime="112.5806737" data-sr-rescode="440" data-sr-order="0" data-sr-acttime="0.0">
        <a
            class="bar colorFailed" 
            style="height: 60px;"
            title="BookAOneWayFlightForAdultsAndChildren(&quot;Dublin&quot;,&quot;Berlin&quot;,&quot;11/03/2016&quot;,&quot;2&quot;,&quot;1&quot;,&quot;VISA&quot;,&quot;5555555555555557&quot;,&quot;265&quot;,&quot;10/18&quot;,&quot;Piotr&quot;,&quot;Kula&quot;,&quot;Mr&quot;,&quot;Address&quot;,&quot;Dublin&quot;,&quot;12345&quot;,&quot;Ireland&quot;,&quot;example_email@gmail.com&quot;,&quot;Poland&quot;,&quot;888888888&quot;,System.String[]) (in BookAOneWayFlightForAdultsAndChildren)"
            href="#t1317676712.0">&nbsp;</a>
    </td>
    <td class="testview-item" 
        data-sr-exectime="10.1377691" data-sr-rescode="440" data-sr-order="1" data-sr-acttime="0.0">
        <a
            class="bar colorFailed" 
            style="height: 5px;"
            title="BookAOneWayFlightForAdultsAndChildren(&quot;Dublin&quot;,&quot;Berlin&quot;,&quot;11/03/2016&quot;,&quot;2&quot;,&quot;1&quot;,&quot;VISA&quot;,&quot;5555555555555557&quot;,&quot;265&quot;,&quot;10/18&quot;,&quot;Piotr&quot;,&quot;Kula&quot;,&quot;Mr&quot;,&quot;Address&quot;,&quot;Dublin&quot;,&quot;12345&quot;,&quot;Ireland&quot;,&quot;example_email@gmail.com&quot;,&quot;Poland&quot;,&quot;888888888&quot;,System.String[]) (in BookAOneWayFlightForAdultsAndChildren) retry #1"
            href="#t1317676712.1">&nbsp;</a>
    </td>
    <td class="testview-item" 
        data-sr-exectime="54.1654438" data-sr-rescode="440" data-sr-order="2" data-sr-acttime="0.0">
        <a
            class="bar colorFailed" 
            style="height: 29px;"
            title="BookAOneWayFlightForAdultsAndChildren(&quot;Dublin&quot;,&quot;Berlin&quot;,&quot;11/03/2016&quot;,&quot;2&quot;,&quot;1&quot;,&quot;VISA&quot;,&quot;5555555555555557&quot;,&quot;265&quot;,&quot;10/18&quot;,&quot;Piotr&quot;,&quot;Kula&quot;,&quot;Mr&quot;,&quot;Address&quot;,&quot;Dublin&quot;,&quot;12345&quot;,&quot;Ireland&quot;,&quot;example_email@gmail.com&quot;,&quot;Poland&quot;,&quot;888888888&quot;,System.String[]) (in BookAOneWayFlightForAdultsAndChildren) retry #2"
            href="#t1317676712.2">&nbsp;</a>
    </td>
                        <td class="right-padding">&nbsp;</td>
                    </tr>
                    <tr class="horizontal-scale">
                        <td class="left-padding">&nbsp;</td>
                        <td colspan="10">&nbsp;</td>
                    </tr>
                </table>
            </div>
        </div>

        <h2>Feature Summary</h2>
        <table class="testEvents">
                <tr>
            <th>Feature</th>
        <th colspan="2">Success rate</th>
        <th>Tests</th>
        <th>Succeeded</th>
        <th>Failed</th>
        <th>Pending</th>
        <th>Ignored</th>
        <th>Skipped</th>
    </tr>

    <tr>
            <td><a href="#f-714844737">RyanAir.Features.RyanAir.BookFlightsFeature</a></td>
            <td>
            0%
    </td>
    <td>
        <table class="timelineview" cellpadding="0" cellspacing="0">
            <tr>
                    <td>
                        <a class="bar colorFailed" 
                                style="width: 199px;" 
                                title="1 failed" 
                                                    href="#error_summary"
                                />
                    </td>
            </tr>
        </table>
    </td>
    <td>1 (test executions: 3)</td>
    <td>0</td>
    <td>1</td>
    <td>0</td>
    <td>0</td>
    <td>0</td>

    </tr>
        </table>

        <a name="error_summary" />
        <h2>Error Summary</h2>
        <table class="testEvents">
                <tr>
            <th>Test</th>
        <th colspan="2">Success rate</th>
        <th>Tests</th>
        <th>Succeeded</th>
        <th>Failed</th>
        <th>Pending</th>
        <th>Ignored</th>
        <th>Skipped</th>
    </tr>

                <tr>
                    <td>
                        <a href="#t1317676712.0">BookAOneWayFlightForAdultsAndChildren(&quot;Dublin&quot;,&quot;Berlin&quot;,&quot;11/03/2016&quot;,&quot;2&quot;,&quot;1&quot;,&quot;VISA&quot;,&quot;5555555555555557&quot;,&quot;265&quot;,&quot;10/18&quot;,&quot;Piotr&quot;,&quot;Kula&quot;,&quot;Mr&quot;,&quot;Address&quot;,&quot;Dublin&quot;,&quot;12345&quot;,&quot;Ireland&quot;,&quot;example_email@gmail.com&quot;,&quot;Poland&quot;,&quot;888888888&quot;,System.String[]) (in RyanAirBookFlight, RyanAir.Features.RyanAir.BookFlightsFeature, BookAOneWayFlightForAdultsAndChildren)</a>
                            <a href="#t1317676712.1">retry #1</a>
                            <a href="#t1317676712.2">retry #2</a>
                    </td>
                        <td>
            0%
    </td>
    <td>
        <table class="timelineview" cellpadding="0" cellspacing="0">
            <tr>
                    <td>
                        <a class="bar colorFailed" 
                                style="width: 199px;" 
                                title="1 failed" 
                                                    href="#error_summary"
                                />
                    </td>
            </tr>
        </table>
    </td>
    <td>1 (test executions: 3)</td>
    <td>0</td>
    <td>1</td>
    <td>0</td>
    <td>0</td>
    <td>0</td>

                </tr>
                <tr>
                    <td colspan="9" style="padding-left: 20px;"><div class="errorMessage">Error: Parameter count mismatch! The binding method &#39;RyanAirBookFlightsStepDefinitions.WhenIPayForBookingWithDetails()&#39; should have 1 parameters, retry #1: unknown error: Element is not clickable at point (1201, 491). Other element would receive the click: &lt;h3&gt;...&lt;/h3&gt;
  (Session info: chrome=48.0.2564.103)
  (Driver info: chromedriver=2.18.343845 (73dd713ba7fbfb73cbb514e62641d8c96a94682a),platform=Windows NT 10.0 x86_64), retry #2: Object reference not set to an instance of an object.</div></td>
                </tr>
        </table>

        <h2>Scenario Summary</h2>
            <a name="f-714844737" />
            <h3>TestClass: RyanAir.Features.RyanAir.BookFlightsFeature</h3>
            <table class="testEvents">
                    <tr>
            <th>Test</th>
        <th colspan="2">Success rate</th>
        <th>Tests</th>
        <th>Succeeded</th>
        <th>Failed</th>
        <th>Pending</th>
        <th>Ignored</th>
        <th>Skipped</th>
    </tr>

                    <tr>
                        <td>
                                    <span>ParameterizedTest: BookAOneWayFlightForAdultsAndChildren</span>
        <ul class="subNodeLinks">
            <li>
                    <a href="#t1317676712.0">BookAOneWayFlightForAdultsAndChildren(&quot;Dublin&quot;,&quot;Berlin&quot;,&quot;11/03/2016&quot;,&quot;2&quot;,&quot;1&quot;,&quot;VISA&quot;,&quot;5555555555555557&quot;,&quot;265&quot;,&quot;10/18&quot;,&quot;Piotr&quot;,&quot;Kula&quot;,&quot;Mr&quot;,&quot;Address&quot;,&quot;Dublin&quot;,&quot;12345&quot;,&quot;Ireland&quot;,&quot;example_email@gmail.com&quot;,&quot;Poland&quot;,&quot;888888888&quot;,System.String[])</a>
            <a href="#t1317676712.1">retry #1</a>
            <a href="#t1317676712.2">retry #2</a>

            </li>
        </ul>

                        </td>
                            <td>
            0%
    </td>
    <td>
        <table class="timelineview" cellpadding="0" cellspacing="0">
            <tr>
                    <td>
                        <a class="bar colorFailed" 
                                style="width: 199px;" 
                                title="1 failed" 
                                                    href="#error_summary"
                                />
                    </td>
            </tr>
        </table>
    </td>
    <td>1 (test executions: 3)</td>
    <td>0</td>
    <td>1</td>
    <td>0</td>
    <td>0</td>
    <td>0</td>

                    </tr>
            </table>

        <h2>Execution Details</h2>
            <a name="t1317676712.0" />
            <h3>TestMethod: BookAOneWayFlightForAdultsAndChildren(&quot;Dublin&quot;,&quot;Berlin&quot;,&quot;11/03/2016&quot;,&quot;2&quot;,&quot;1&quot;,&quot;VISA&quot;,&quot;5555555555555557&quot;,&quot;265&quot;,&quot;10/18&quot;,&quot;Piotr&quot;,&quot;Kula&quot;,&quot;Mr&quot;,&quot;Address&quot;,&quot;Dublin&quot;,&quot;12345&quot;,&quot;Ireland&quot;,&quot;example_email@gmail.com&quot;,&quot;Poland&quot;,&quot;888888888&quot;,System.String[]) (in RyanAirBookFlight, RyanAir.Features.RyanAir.BookFlightsFeature, BookAOneWayFlightForAdultsAndChildren)</h3>
            <ul>
                <li>Status: Failed</li>
                <li>Start time: 2016-02-08 23:53:07</li>
                <li>Execution time (sec): 112,5806737</li>
                <li>Thread: #0</li>
                <li>Error: Parameter count mismatch! The binding method &#39;RyanAirBookFlightsStepDefinitions.WhenIPayForBookingWithDetails()&#39; should have 1 parameters</li>
            </ul>
            <table class="testEvents">
                <tr>
                    <th>Steps</th>
                    <th>Trace</th>
                    <th>Result</th>
                </tr>
                    <tr>
                        <td>
                            <pre class="log"></pre>
                        </td>
                        <td>
                            <!-- [Test: TestMethod - BookAOneWayFlightForAdultsAndChildren(&quot;Dublin&quot;,&quot;Berlin&quot;,&quot;11/03/2016&quot;,&quot;2&quot;,&quot;1&quot;,&quot;VISA&quot;,&quot;5555555555555557&quot;,&quot;265&quot;,&quot;10/18&quot;,&quot;Piotr&quot;,&quot;Kula&quot;,&quot;Mr&quot;,&quot;Address&quot;,&quot;Dublin&quot;,&quot;12345&quot;,&quot;Ireland&quot;,&quot;example_email@gmail.com&quot;,&quot;Poland&quot;,&quot;888888888&quot;,System.String[])] -->
                            <pre class="log">*** Scenario:Book a one way flight for adults and children
Given I am on RyanAir home page
-&gt; done: RyanAirBookFlightsStepDefinitions.GivenIAmOnRyanAirHomePage() (4,3s)
When I Select one way flight
-&gt; done: RyanAirBookFlightsStepDefinitions.WhenISelectOneWayFlight() (0,1s)
When I make a booking from Dublin to Berlin on 11/03/2016 for 2 adults and 1 children
-&gt; done: RyanAirBookFlightsStepDefinitions.WhenIMakeABookingFromToOnForAdultsAndChildren(&quot;Dublin&quot;, &quot;Berlin&quot;, &quot;11/03/2016&quot;, 2, 1) (2,8s)
Then Choose flight page is displayed
-&gt; done: RyanAirBookFlightsStepDefinitions.ThenChooseFlightPageIsDisplayed() (0,1s)
When I select flight number
-&gt; done: RyanAirBookFlightsStepDefinitions.WhenISelectFlightNumber() (1,8s)
Then Extras page is displayed
Error 1 raised: no such element: Unable to locate element: {&quot;method&quot;:&quot;name&quot;,&quot;selector&quot;:&quot;q&quot;}
  (Session info: chrome=48.0.2564.103)
  (Driver info: chromedriver=2.18.343845 (73dd713ba7fbfb73cbb514e62641d8c96a94682a),platform=Windows NT 10.0 x86_64)
Error 2 raised: no such element: Unable to locate element: {&quot;method&quot;:&quot;name&quot;,&quot;selector&quot;:&quot;q&quot;}
  (Session info: chrome=48.0.2564.103)
  (Driver info: chromedriver=2.18.343845 (73dd713ba7fbfb73cbb514e62641d8c96a94682a),platform=Windows NT 10.0 x86_64)
Error 3 raised: no such element: Unable to locate element: {&quot;method&quot;:&quot;name&quot;,&quot;selector&quot;:&quot;q&quot;}
  (Session info: chrome=48.0.2564.103)
  (Driver info: chromedriver=2.18.343845 (73dd713ba7fbfb73cbb514e62641d8c96a94682a),platform=Windows NT 10.0 x86_64)
Error 4 raised: no such element: Unable to locate element: {&quot;method&quot;:&quot;name&quot;,&quot;selector&quot;:&quot;q&quot;}
  (Session info: chrome=48.0.2564.103)
  (Driver info: chromedriver=2.18.343845 (73dd713ba7fbfb73cbb514e62641d8c96a94682a),platform=Windows NT 10.0 x86_64)
Error 5 raised: no such element: Unable to locate element: {&quot;method&quot;:&quot;name&quot;,&quot;selector&quot;:&quot;q&quot;}
  (Session info: chrome=48.0.2564.103)
  (Driver info: chromedriver=2.18.343845 (73dd713ba7fbfb73cbb514e62641d8c96a94682a),platform=Windows NT 10.0 x86_64)
Error 6 raised: no such element: Unable to locate element: {&quot;method&quot;:&quot;name&quot;,&quot;selector&quot;:&quot;q&quot;}
  (Session info: chrome=48.0.2564.103)
  (Driver info: chromedriver=2.18.343845 (73dd713ba7fbfb73cbb514e62641d8c96a94682a),platform=Windows NT 10.0 x86_64)
Error 7 raised: no such element: Unable to locate element: {&quot;method&quot;:&quot;name&quot;,&quot;selector&quot;:&quot;q&quot;}
  (Session info: chrome=48.0.2564.103)
  (Driver info: chromedriver=2.18.343845 (73dd713ba7fbfb73cbb514e62641d8c96a94682a),platform=Windows NT 10.0 x86_64)
Error 8 raised: no such element: Unable to locate element: {&quot;method&quot;:&quot;name&quot;,&quot;selector&quot;:&quot;q&quot;}
  (Session info: chrome=48.0.2564.103)
  (Driver info: chromedriver=2.18.343845 (73dd713ba7fbfb73cbb514e62641d8c96a94682a),platform=Windows NT 10.0 x86_64)
Error 9 raised: no such element: Unable to locate element: {&quot;method&quot;:&quot;name&quot;,&quot;selector&quot;:&quot;q&quot;}
  (Session info: chrome=48.0.2564.103)
  (Driver info: chromedriver=2.18.343845 (73dd713ba7fbfb73cbb514e62641d8c96a94682a),platform=Windows NT 10.0 x86_64)
Error 10 raised: no such element: Unable to locate element: {&quot;method&quot;:&quot;name&quot;,&quot;selector&quot;:&quot;q&quot;}
  (Session info: chrome=48.0.2564.103)
  (Driver info: chromedriver=2.18.343845 (73dd713ba7fbfb73cbb514e62641d8c96a94682a),platform=Windows NT 10.0 x86_64)
Error 11 raised: no such element: Unable to locate element: {&quot;method&quot;:&quot;name&quot;,&quot;selector&quot;:&quot;q&quot;}
  (Session info: chrome=48.0.2564.103)
  (Driver info: chromedriver=2.18.343845 (73dd713ba7fbfb73cbb514e62641d8c96a94682a),platform=Windows NT 10.0 x86_64)
Error 12 raised: no such element: Unable to locate element: {&quot;method&quot;:&quot;name&quot;,&quot;selector&quot;:&quot;q&quot;}
  (Session info: chrome=48.0.2564.103)
  (Driver info: chromedriver=2.18.343845 (73dd713ba7fbfb73cbb514e62641d8c96a94682a),platform=Windows NT 10.0 x86_64)
Error 13 raised: no such element: Unable to locate element: {&quot;method&quot;:&quot;name&quot;,&quot;selector&quot;:&quot;q&quot;}
  (Session info: chrome=48.0.2564.103)
  (Driver info: chromedriver=2.18.343845 (73dd713ba7fbfb73cbb514e62641d8c96a94682a),platform=Windows NT 10.0 x86_64)
Error 14 raised: no such element: Unable to locate element: {&quot;method&quot;:&quot;name&quot;,&quot;selector&quot;:&quot;q&quot;}
  (Session info: chrome=48.0.2564.103)
  (Driver info: chromedriver=2.18.343845 (73dd713ba7fbfb73cbb514e62641d8c96a94682a),platform=Windows NT 10.0 x86_64)
Error 15 raised: no such element: Unable to locate element: {&quot;method&quot;:&quot;name&quot;,&quot;selector&quot;:&quot;q&quot;}
  (Session info: chrome=48.0.2564.103)
  (Driver info: chromedriver=2.18.343845 (73dd713ba7fbfb73cbb514e62641d8c96a94682a),platform=Windows NT 10.0 x86_64)
Error 16 raised: no such element: Unable to locate element: {&quot;method&quot;:&quot;name&quot;,&quot;selector&quot;:&quot;q&quot;}
  (Session info: chrome=48.0.2564.103)
  (Driver info: chromedriver=2.18.343845 (73dd713ba7fbfb73cbb514e62641d8c96a94682a),platform=Windows NT 10.0 x86_64)
Error 17 raised: no such element: Unable to locate element: {&quot;method&quot;:&quot;name&quot;,&quot;selector&quot;:&quot;q&quot;}
  (Session info: chrome=48.0.2564.103)
  (Driver info: chromedriver=2.18.343845 (73dd713ba7fbfb73cbb514e62641d8c96a94682a),platform=Windows NT 10.0 x86_64)
Error 18 raised: no such element: Unable to locate element: {&quot;method&quot;:&quot;name&quot;,&quot;selector&quot;:&quot;q&quot;}
  (Session info: chrome=48.0.2564.103)
  (Driver info: chromedriver=2.18.343845 (73dd713ba7fbfb73cbb514e62641d8c96a94682a),platform=Windows NT 10.0 x86_64)
Error 19 raised: no such element: Unable to locate element: {&quot;method&quot;:&quot;name&quot;,&quot;selector&quot;:&quot;q&quot;}
  (Session info: chrome=48.0.2564.103)
  (Driver info: chromedriver=2.18.343845 (73dd713ba7fbfb73cbb514e62641d8c96a94682a),platform=Windows NT 10.0 x86_64)
Error 20 raised: no such element: Unable to locate element: {&quot;method&quot;:&quot;name&quot;,&quot;selector&quot;:&quot;q&quot;}
  (Session info: chrome=48.0.2564.103)
  (Driver info: chromedriver=2.18.343845 (73dd713ba7fbfb73cbb514e62641d8c96a94682a),platform=Windows NT 10.0 x86_64)
-&gt; done: RyanAirBookFlightsStepDefinitions.ThenExtrasPageIsDisplayed() (101,3s)
When I select extras
-&gt; pending: RyanAirBookFlightsStepDefinitions.WhenISelectExtras()
Then Passengers page is displayed
-&gt; skipped because of previous errors
When I fill in passenger details with &lt;passengername&gt; and &lt;passengersurname&gt;
-&gt; skipped because of previous errors
And I pay for booking with details
  --- table step argument ---
  | VISA | 5555555555555557 | 10/18 | 265 | Piotr | Kula | Address | Dublin | 12345 | Ireland |
-&gt; binding error: Parameter count mismatch! The binding method &#39;RyanAirBookFlightsStepDefinitions.WhenIPayForBookingWithDetails()&#39; should have 1 parameters
Then I should get payment declined message
-&gt; skipped because of previous errors</pre>
                                <div class="errorMessage">Parameter count mismatch! The binding method &#39;RyanAirBookFlightsStepDefinitions.WhenIPayForBookingWithDetails()&#39; should have 1 parameters</div>
                                <pre class="stackTrace">TechTalk.SpecFlow.BindingException: Parameter count mismatch! The binding method &#39;RyanAirBookFlightsStepDefinitions.WhenIPayForBookingWithDetails()&#39; should have 1 parameters
   at TechTalk.SpecFlow.Infrastructure.TestExecutionEngine.GetExecuteArguments(BindingMatch match)
   at TechTalk.SpecFlow.Infrastructure.TestExecutionEngine.ExecuteStep(StepInstance stepInstance)
   at TechTalk.SpecFlow.Infrastructure.TestExecutionEngine.OnAfterLastStep()
   at TechTalk.SpecFlow.TestRunner.CollectScenarioErrors()
   at RyanAir.Features.RyanAir.BookFlightsFeature.ScenarioCleanup() in D:\Dokumenty\automation projects\Ryanair\SpecDriver\Features\RyanAir\BookFlights.feature.cs:line 0
   at RyanAir.Features.RyanAir.BookFlightsFeature.BookAOneWayFlightForAdultsAndChildren(String airportfrom, String airportto, String flightdate, String nradults, String nrchildren, String cardtype, String cardnumber, String cvvcode, String cardvalid, String pas_Name, String pas_Surname, String pas_Title, String pas_Address, String pas_City, String pas_Postalcode, String pas_Country, String email, String phonecountry, String phonenumber, String[] exampleTags) in D:\Dokumenty\automation projects\Ryanair\SpecDriver\Features\RyanAir\BookFlights.feature:line 19
   at TechTalk.SpecRun.Framework.TaskExecutors.StaticOrInstanceMethodExecutor.ExecuteInternal(ITestThreadExecutionContext testThreadExecutionContext) in c:\TeamCity\BuildAgent\work\245a3e4d646c0875\TechTalk.SpecRun.Framework.Interfaces\TaskExecutors\StaticOrInstanceMethodExecutor.cs:line 40
   at TechTalk.SpecRun.Framework.TaskExecutors.StaticOrInstanceMethodExecutor.Execute(ITestThreadExecutionContext testThreadExecutionContext) in c:\TeamCity\BuildAgent\work\245a3e4d646c0875\TechTalk.SpecRun.Framework.Interfaces\TaskExecutors\StaticOrInstanceMethodExecutor.cs:line 21
   at TechTalk.SpecRun.Framework.TestAssemblyExecutor.ExecuteTestNodeTask(TestNode testNode, ITaskExecutor task, TraceEventType eventType) in c:\TeamCity\BuildAgent\work\245a3e4d646c0875\TechTalk.SpecRun.Framework.Executor\TestAssemblyExecutor.cs:line 215</pre>
                        </td>
                        <td>Failed in 110.462s</td>
                    </tr>
            </table>
            <a name="t1317676712.1" />
            <h3>TestMethod: BookAOneWayFlightForAdultsAndChildren(&quot;Dublin&quot;,&quot;Berlin&quot;,&quot;11/03/2016&quot;,&quot;2&quot;,&quot;1&quot;,&quot;VISA&quot;,&quot;5555555555555557&quot;,&quot;265&quot;,&quot;10/18&quot;,&quot;Piotr&quot;,&quot;Kula&quot;,&quot;Mr&quot;,&quot;Address&quot;,&quot;Dublin&quot;,&quot;12345&quot;,&quot;Ireland&quot;,&quot;example_email@gmail.com&quot;,&quot;Poland&quot;,&quot;888888888&quot;,System.String[]) (in RyanAirBookFlight, RyanAir.Features.RyanAir.BookFlightsFeature, BookAOneWayFlightForAdultsAndChildren) retry #1</h3>
            <ul>
                <li>Status: Failed</li>
                <li>Start time: 2016-02-08 23:55:00</li>
                <li>Execution time (sec): 10,1377691</li>
                <li>Thread: #0</li>
                <li>Error: unknown error: Element is not clickable at point (1201, 491). Other element would receive the click: &lt;h3&gt;...&lt;/h3&gt;
  (Session info: chrome=48.0.2564.103)
  (Driver info: chromedriver=2.18.343845 (73dd713ba7fbfb73cbb514e62641d8c96a94682a),platform=Windows NT 10.0 x86_64)</li>
            </ul>
            <table class="testEvents">
                <tr>
                    <th>Steps</th>
                    <th>Trace</th>
                    <th>Result</th>
                </tr>
                    <tr>
                        <td>
                            <pre class="log"></pre>
                        </td>
                        <td>
                            <!-- [Test: TestMethod - BookAOneWayFlightForAdultsAndChildren(&quot;Dublin&quot;,&quot;Berlin&quot;,&quot;11/03/2016&quot;,&quot;2&quot;,&quot;1&quot;,&quot;VISA&quot;,&quot;5555555555555557&quot;,&quot;265&quot;,&quot;10/18&quot;,&quot;Piotr&quot;,&quot;Kula&quot;,&quot;Mr&quot;,&quot;Address&quot;,&quot;Dublin&quot;,&quot;12345&quot;,&quot;Ireland&quot;,&quot;example_email@gmail.com&quot;,&quot;Poland&quot;,&quot;888888888&quot;,System.String[])] -->
                            <pre class="log">*** Scenario:Book a one way flight for adults and children
Given I am on RyanAir home page
Error 1 raised: no such element: Unable to locate element: {&quot;method&quot;:&quot;xpath&quot;,&quot;selector&quot;:&quot;//button/span[contains(@translate,&#39;common.buttons.lets_go&#39;)]&quot;}
  (Session info: chrome=48.0.2564.103)
  (Driver info: chromedriver=2.18.343845 (73dd713ba7fbfb73cbb514e62641d8c96a94682a),platform=Windows NT 10.0 x86_64)
-&gt; done: RyanAirBookFlightsStepDefinitions.GivenIAmOnRyanAirHomePage() (6,8s)
When I Select one way flight
-&gt; done: RyanAirBookFlightsStepDefinitions.WhenISelectOneWayFlight() (2,2s)
When I make a booking from Dublin to Berlin on 11/03/2016 for 2 adults and 1 children
-&gt; error: unknown error: Element is not clickable at point (1201, 491). Other element would receive the click: &lt;h3&gt;...&lt;/h3&gt;
  (Session info: chrome=48.0.2564.103)
  (Driver info: chromedriver=2.18.343845 (73dd713ba7fbfb73cbb514e62641d8c96a94682a),platform=Windows NT 10.0 x86_64)
Then Choose flight page is displayed
-&gt; skipped because of previous errors
When I select flight number
-&gt; skipped because of previous errors
Then Extras page is displayed
-&gt; skipped because of previous errors
When I select extras
-&gt; skipped because of previous errors
Then Passengers page is displayed
-&gt; skipped because of previous errors
When I fill in passenger details with &lt;passengername&gt; and &lt;passengersurname&gt;
-&gt; skipped because of previous errors
And I pay for booking with details
  --- table step argument ---
  | VISA | 5555555555555557 | 10/18 | 265 | Piotr | Kula | Address | Dublin | 12345 | Ireland |
-&gt; binding error: Parameter count mismatch! The binding method &#39;RyanAirBookFlightsStepDefinitions.WhenIPayForBookingWithDetails()&#39; should have 1 parameters
Then I should get payment declined message
-&gt; skipped because of previous errors</pre>
                                <div class="errorMessage">unknown error: Element is not clickable at point (1201, 491). Other element would receive the click: &lt;h3&gt;...&lt;/h3&gt;
  (Session info: chrome=48.0.2564.103)
  (Driver info: chromedriver=2.18.343845 (73dd713ba7fbfb73cbb514e62641d8c96a94682a),platform=Windows NT 10.0 x86_64)</div>
                                <pre class="stackTrace">System.InvalidOperationException: unknown error: Element is not clickable at point (1201, 491). Other element would receive the click: &lt;h3&gt;...&lt;/h3&gt;
  (Session info: chrome=48.0.2564.103)
  (Driver info: chromedriver=2.18.343845 (73dd713ba7fbfb73cbb514e62641d8c96a94682a),platform=Windows NT 10.0 x86_64)
   at OpenQA.Selenium.Remote.RemoteWebDriver.UnpackAndThrowOnError(Response errorResponse)
   at OpenQA.Selenium.Remote.RemoteWebDriver.Execute(String driverCommandToExecute, Dictionary`2 parameters)
   at OpenQA.Selenium.Remote.RemoteWebElement.Click()
   at RyanAirProject.Pages.RyanAirHomePageModel.SearchFlight(String fromAirport, String toAirport, String flyOutDate, Byte adultsNumber, Byte childrenNumber) in D:\Dokumenty\automation projects\Ryanair\SpecDriver\Pages\RyanAir\RyanAirHomePageModel.cs:line 129
   at RyanAirProject.StepDefinitions.RyanAirBookFlightsStepDefinitions.WhenIMakeABookingFromToOnForAdultsAndChildren(String p0, String p1, String p2, Byte p3, Byte p4) in D:\Dokumenty\automation projects\Ryanair\SpecDriver\StepDefinitions\RyanAirBookFlightsStepDefinitions.cs:line 31
   at lambda_method(Closure , IContextManager , String , String , String , Byte , Byte )
   at TechTalk.SpecFlow.Bindings.BindingInvoker.InvokeBinding(IBinding binding, IContextManager contextManager, Object[] arguments, ITestTracer testTracer, TimeSpan&amp; duration)
   at TechTalk.SpecFlow.Infrastructure.TestExecutionEngine.ExecuteStepMatch(BindingMatch match, Object[] arguments)
   at TechTalk.SpecFlow.Infrastructure.TestExecutionEngine.ExecuteStep(StepInstance stepInstance)
   at TechTalk.SpecFlow.Infrastructure.TestExecutionEngine.OnAfterLastStep()
   at TechTalk.SpecFlow.TestRunner.CollectScenarioErrors()
   at RyanAir.Features.RyanAir.BookFlightsFeature.ScenarioCleanup() in D:\Dokumenty\automation projects\Ryanair\SpecDriver\Features\RyanAir\BookFlights.feature.cs:line 0
   at RyanAir.Features.RyanAir.BookFlightsFeature.BookAOneWayFlightForAdultsAndChildren(String airportfrom, String airportto, String flightdate, String nradults, String nrchildren, String cardtype, String cardnumber, String cvvcode, String cardvalid, String pas_Name, String pas_Surname, String pas_Title, String pas_Address, String pas_City, String pas_Postalcode, String pas_Country, String email, String phonecountry, String phonenumber, String[] exampleTags) in D:\Dokumenty\automation projects\Ryanair\SpecDriver\Features\RyanAir\BookFlights.feature:line 19
   at TechTalk.SpecRun.Framework.TaskExecutors.StaticOrInstanceMethodExecutor.ExecuteInternal(ITestThreadExecutionContext testThreadExecutionContext) in c:\TeamCity\BuildAgent\work\245a3e4d646c0875\TechTalk.SpecRun.Framework.Interfaces\TaskExecutors\StaticOrInstanceMethodExecutor.cs:line 40
   at TechTalk.SpecRun.Framework.TaskExecutors.StaticOrInstanceMethodExecutor.Execute(ITestThreadExecutionContext testThreadExecutionContext) in c:\TeamCity\BuildAgent\work\245a3e4d646c0875\TechTalk.SpecRun.Framework.Interfaces\TaskExecutors\StaticOrInstanceMethodExecutor.cs:line 21
   at TechTalk.SpecRun.Framework.TestAssemblyExecutor.ExecuteTestNodeTask(TestNode testNode, ITaskExecutor task, TraceEventType eventType) in c:\TeamCity\BuildAgent\work\245a3e4d646c0875\TechTalk.SpecRun.Framework.Executor\TestAssemblyExecutor.cs:line 215</pre>
                        </td>
                        <td>Failed in 10.127s</td>
                    </tr>
            </table>
            <a name="t1317676712.2" />
            <h3>TestMethod: BookAOneWayFlightForAdultsAndChildren(&quot;Dublin&quot;,&quot;Berlin&quot;,&quot;11/03/2016&quot;,&quot;2&quot;,&quot;1&quot;,&quot;VISA&quot;,&quot;5555555555555557&quot;,&quot;265&quot;,&quot;10/18&quot;,&quot;Piotr&quot;,&quot;Kula&quot;,&quot;Mr&quot;,&quot;Address&quot;,&quot;Dublin&quot;,&quot;12345&quot;,&quot;Ireland&quot;,&quot;example_email@gmail.com&quot;,&quot;Poland&quot;,&quot;888888888&quot;,System.String[]) (in RyanAirBookFlight, RyanAir.Features.RyanAir.BookFlightsFeature, BookAOneWayFlightForAdultsAndChildren) retry #2</h3>
            <ul>
                <li>Status: Failed</li>
                <li>Start time: 2016-02-08 23:55:10</li>
                <li>Execution time (sec): 54,1654438</li>
                <li>Thread: #0</li>
                <li>Error: Object reference not set to an instance of an object.</li>
            </ul>
            <table class="testEvents">
                <tr>
                    <th>Steps</th>
                    <th>Trace</th>
                    <th>Result</th>
                </tr>
                    <tr>
                        <td>
                            <pre class="log"></pre>
                        </td>
                        <td>
                            <!-- [Test: TestMethod - BookAOneWayFlightForAdultsAndChildren(&quot;Dublin&quot;,&quot;Berlin&quot;,&quot;11/03/2016&quot;,&quot;2&quot;,&quot;1&quot;,&quot;VISA&quot;,&quot;5555555555555557&quot;,&quot;265&quot;,&quot;10/18&quot;,&quot;Piotr&quot;,&quot;Kula&quot;,&quot;Mr&quot;,&quot;Address&quot;,&quot;Dublin&quot;,&quot;12345&quot;,&quot;Ireland&quot;,&quot;example_email@gmail.com&quot;,&quot;Poland&quot;,&quot;888888888&quot;,System.String[])] -->
                            <pre class="log">*** Scenario:Book a one way flight for adults and children
Given I am on RyanAir home page
Error 1 raised: no such element: Unable to locate element: {&quot;method&quot;:&quot;xpath&quot;,&quot;selector&quot;:&quot;//button/span[contains(@translate,&#39;common.buttons.lets_go&#39;)]&quot;}
  (Session info: chrome=48.0.2564.103)
  (Driver info: chromedriver=2.18.343845 (73dd713ba7fbfb73cbb514e62641d8c96a94682a),platform=Windows NT 10.0 x86_64)
-&gt; done: RyanAirBookFlightsStepDefinitions.GivenIAmOnRyanAirHomePage() (7,7s)
When I Select one way flight
-&gt; done: RyanAirBookFlightsStepDefinitions.WhenISelectOneWayFlight() (1,2s)
When I make a booking from Dublin to Berlin on 11/03/2016 for 2 adults and 1 children
Error 1 raised: no such element: Unable to locate element: {&quot;method&quot;:&quot;id&quot;,&quot;selector&quot;:&quot;continue&quot;}
  (Session info: chrome=48.0.2564.103)
  (Driver info: chromedriver=2.18.343845 (73dd713ba7fbfb73cbb514e62641d8c96a94682a),platform=Windows NT 10.0 x86_64)
Error 2 raised: no such element: Unable to locate element: {&quot;method&quot;:&quot;id&quot;,&quot;selector&quot;:&quot;continue&quot;}
  (Session info: chrome=48.0.2564.103)
  (Driver info: chromedriver=2.18.343845 (73dd713ba7fbfb73cbb514e62641d8c96a94682a),platform=Windows NT 10.0 x86_64)
Error 3 raised: no such element: Unable to locate element: {&quot;method&quot;:&quot;id&quot;,&quot;selector&quot;:&quot;continue&quot;}
  (Session info: chrome=48.0.2564.103)
  (Driver info: chromedriver=2.18.343845 (73dd713ba7fbfb73cbb514e62641d8c96a94682a),platform=Windows NT 10.0 x86_64)
Error 4 raised: no such element: Unable to locate element: {&quot;method&quot;:&quot;id&quot;,&quot;selector&quot;:&quot;continue&quot;}
  (Session info: chrome=48.0.2564.103)
  (Driver info: chromedriver=2.18.343845 (73dd713ba7fbfb73cbb514e62641d8c96a94682a),platform=Windows NT 10.0 x86_64)
Error 5 raised: no such element: Unable to locate element: {&quot;method&quot;:&quot;id&quot;,&quot;selector&quot;:&quot;continue&quot;}
  (Session info: chrome=48.0.2564.103)
  (Driver info: chromedriver=2.18.343845 (73dd713ba7fbfb73cbb514e62641d8c96a94682a),platform=Windows NT 10.0 x86_64)
Error 6 raised: no such element: Unable to locate element: {&quot;method&quot;:&quot;id&quot;,&quot;selector&quot;:&quot;continue&quot;}
  (Session info: chrome=48.0.2564.103)
  (Driver info: chromedriver=2.18.343845 (73dd713ba7fbfb73cbb514e62641d8c96a94682a),platform=Windows NT 10.0 x86_64)
Error 7 raised: no such element: Unable to locate element: {&quot;method&quot;:&quot;id&quot;,&quot;selector&quot;:&quot;continue&quot;}
  (Session info: chrome=48.0.2564.103)
  (Driver info: chromedriver=2.18.343845 (73dd713ba7fbfb73cbb514e62641d8c96a94682a),platform=Windows NT 10.0 x86_64)
Error 8 raised: no such element: Unable to locate element: {&quot;method&quot;:&quot;id&quot;,&quot;selector&quot;:&quot;continue&quot;}
  (Session info: chrome=48.0.2564.103)
  (Driver info: chromedriver=2.18.343845 (73dd713ba7fbfb73cbb514e62641d8c96a94682a),platform=Windows NT 10.0 x86_64)
-&gt; done: RyanAirBookFlightsStepDefinitions.WhenIMakeABookingFromToOnForAdultsAndChildren(&quot;Dublin&quot;, &quot;Berlin&quot;, &quot;11/03/2016&quot;, 2, 1) (44,2s)
Then Choose flight page is displayed
Error 1 raised: no such window: target window already closed
from unknown error: web view not found
  (Session info: chrome=48.0.2564.103)
  (Driver info: chromedriver=2.18.343845 (73dd713ba7fbfb73cbb514e62641d8c96a94682a),platform=Windows NT 10.0 x86_64)
Error 2 raised: no such window: target window already closed
from unknown error: web view not found
  (Session info: chrome=48.0.2564.103)
  (Driver info: chromedriver=2.18.343845 (73dd713ba7fbfb73cbb514e62641d8c96a94682a),platform=Windows NT 10.0 x86_64)
Error 3 raised: no such window: target window already closed
from unknown error: web view not found
  (Session info: chrome=48.0.2564.103)
  (Driver info: chromedriver=2.18.343845 (73dd713ba7fbfb73cbb514e62641d8c96a94682a),platform=Windows NT 10.0 x86_64)
Error 4 raised: no such window: target window already closed
from unknown error: web view not found
  (Session info: chrome=48.0.2564.103)
  (Driver info: chromedriver=2.18.343845 (73dd713ba7fbfb73cbb514e62641d8c96a94682a),platform=Windows NT 10.0 x86_64)
Error 5 raised: no such window: target window already closed
from unknown error: web view not found
  (Session info: chrome=48.0.2564.103)
  (Driver info: chromedriver=2.18.343845 (73dd713ba7fbfb73cbb514e62641d8c96a94682a),platform=Windows NT 10.0 x86_64)
Error 6 raised: no such window: target window already closed
from unknown error: web view not found
  (Session info: chrome=48.0.2564.103)
  (Driver info: chromedriver=2.18.343845 (73dd713ba7fbfb73cbb514e62641d8c96a94682a),platform=Windows NT 10.0 x86_64)
Error 7 raised: no such window: target window already closed
from unknown error: web view not found
  (Session info: chrome=48.0.2564.103)
  (Driver info: chromedriver=2.18.343845 (73dd713ba7fbfb73cbb514e62641d8c96a94682a),platform=Windows NT 10.0 x86_64)
Error 8 raised: no such window: target window already closed
from unknown error: web view not found
  (Session info: chrome=48.0.2564.103)
  (Driver info: chromedriver=2.18.343845 (73dd713ba7fbfb73cbb514e62641d8c96a94682a),platform=Windows NT 10.0 x86_64)
Error 9 raised: no such window: target window already closed
from unknown error: web view not found
  (Session info: chrome=48.0.2564.103)
  (Driver info: chromedriver=2.18.343845 (73dd713ba7fbfb73cbb514e62641d8c96a94682a),platform=Windows NT 10.0 x86_64)
Error 10 raised: no such window: target window already closed
from unknown error: web view not found
  (Session info: chrome=48.0.2564.103)
  (Driver info: chromedriver=2.18.343845 (73dd713ba7fbfb73cbb514e62641d8c96a94682a),platform=Windows NT 10.0 x86_64)
Error 11 raised: no such window: target window already closed
from unknown error: web view not found
  (Session info: chrome=48.0.2564.103)
  (Driver info: chromedriver=2.18.343845 (73dd713ba7fbfb73cbb514e62641d8c96a94682a),platform=Windows NT 10.0 x86_64)
Error 12 raised: no such window: target window already closed
from unknown error: web view not found
  (Session info: chrome=48.0.2564.103)
  (Driver info: chromedriver=2.18.343845 (73dd713ba7fbfb73cbb514e62641d8c96a94682a),platform=Windows NT 10.0 x86_64)
Error 13 raised: no such window: target window already closed
from unknown error: web view not found
  (Session info: chrome=48.0.2564.103)
  (Driver info: chromedriver=2.18.343845 (73dd713ba7fbfb73cbb514e62641d8c96a94682a),platform=Windows NT 10.0 x86_64)
Error 14 raised: no such window: target window already closed
from unknown error: web view not found
  (Session info: chrome=48.0.2564.103)
  (Driver info: chromedriver=2.18.343845 (73dd713ba7fbfb73cbb514e62641d8c96a94682a),platform=Windows NT 10.0 x86_64)
Error 15 raised: no such window: target window already closed
from unknown error: web view not found
  (Session info: chrome=48.0.2564.103)
  (Driver info: chromedriver=2.18.343845 (73dd713ba7fbfb73cbb514e62641d8c96a94682a),platform=Windows NT 10.0 x86_64)
Error 16 raised: no such window: target window already closed
from unknown error: web view not found
  (Session info: chrome=48.0.2564.103)
  (Driver info: chromedriver=2.18.343845 (73dd713ba7fbfb73cbb514e62641d8c96a94682a),platform=Windows NT 10.0 x86_64)
Error 17 raised: no such window: target window already closed
from unknown error: web view not found
  (Session info: chrome=48.0.2564.103)
  (Driver info: chromedriver=2.18.343845 (73dd713ba7fbfb73cbb514e62641d8c96a94682a),platform=Windows NT 10.0 x86_64)
Error 18 raised: no such window: target window already closed
from unknown error: web view not found
  (Session info: chrome=48.0.2564.103)
  (Driver info: chromedriver=2.18.343845 (73dd713ba7fbfb73cbb514e62641d8c96a94682a),platform=Windows NT 10.0 x86_64)
Error 19 raised: no such window: target window already closed
from unknown error: web view not found
  (Session info: chrome=48.0.2564.103)
  (Driver info: chromedriver=2.18.343845 (73dd713ba7fbfb73cbb514e62641d8c96a94682a),platform=Windows NT 10.0 x86_64)
Error 20 raised: no such window: target window already closed
from unknown error: web view not found
  (Session info: chrome=48.0.2564.103)
  (Driver info: chromedriver=2.18.343845 (73dd713ba7fbfb73cbb514e62641d8c96a94682a),platform=Windows NT 10.0 x86_64)
-&gt; done: RyanAirBookFlightsStepDefinitions.ThenChooseFlightPageIsDisplayed() (0,3s)
When I select flight number
Error 1 raised: no such window: target window already closed
from unknown error: web view not found
  (Session info: chrome=48.0.2564.103)
  (Driver info: chromedriver=2.18.343845 (73dd713ba7fbfb73cbb514e62641d8c96a94682a),platform=Windows NT 10.0 x86_64)
Error 2 raised: no such window: target window already closed
from unknown error: web view not found
  (Session info: chrome=48.0.2564.103)
  (Driver info: chromedriver=2.18.343845 (73dd713ba7fbfb73cbb514e62641d8c96a94682a),platform=Windows NT 10.0 x86_64)
Error 3 raised: no such window: target window already closed
from unknown error: web view not found
  (Session info: chrome=48.0.2564.103)
  (Driver info: chromedriver=2.18.343845 (73dd713ba7fbfb73cbb514e62641d8c96a94682a),platform=Windows NT 10.0 x86_64)
Error 4 raised: no such window: target window already closed
from unknown error: web view not found
  (Session info: chrome=48.0.2564.103)
  (Driver info: chromedriver=2.18.343845 (73dd713ba7fbfb73cbb514e62641d8c96a94682a),platform=Windows NT 10.0 x86_64)
Error 5 raised: no such window: target window already closed
from unknown error: web view not found
  (Session info: chrome=48.0.2564.103)
  (Driver info: chromedriver=2.18.343845 (73dd713ba7fbfb73cbb514e62641d8c96a94682a),platform=Windows NT 10.0 x86_64)
Error 6 raised: no such window: target window already closed
from unknown error: web view not found
  (Session info: chrome=48.0.2564.103)
  (Driver info: chromedriver=2.18.343845 (73dd713ba7fbfb73cbb514e62641d8c96a94682a),platform=Windows NT 10.0 x86_64)
Error 7 raised: no such window: target window already closed
from unknown error: web view not found
  (Session info: chrome=48.0.2564.103)
  (Driver info: chromedriver=2.18.343845 (73dd713ba7fbfb73cbb514e62641d8c96a94682a),platform=Windows NT 10.0 x86_64)
Error 8 raised: no such window: target window already closed
from unknown error: web view not found
  (Session info: chrome=48.0.2564.103)
  (Driver info: chromedriver=2.18.343845 (73dd713ba7fbfb73cbb514e62641d8c96a94682a),platform=Windows NT 10.0 x86_64)
Error 9 raised: no such window: target window already closed
from unknown error: web view not found
  (Session info: chrome=48.0.2564.103)
  (Driver info: chromedriver=2.18.343845 (73dd713ba7fbfb73cbb514e62641d8c96a94682a),platform=Windows NT 10.0 x86_64)
Error 10 raised: no such window: target window already closed
from unknown error: web view not found
  (Session info: chrome=48.0.2564.103)
  (Driver info: chromedriver=2.18.343845 (73dd713ba7fbfb73cbb514e62641d8c96a94682a),platform=Windows NT 10.0 x86_64)
Error 11 raised: no such window: target window already closed
from unknown error: web view not found
  (Session info: chrome=48.0.2564.103)
  (Driver info: chromedriver=2.18.343845 (73dd713ba7fbfb73cbb514e62641d8c96a94682a),platform=Windows NT 10.0 x86_64)
Error 12 raised: no such window: target window already closed
from unknown error: web view not found
  (Session info: chrome=48.0.2564.103)
  (Driver info: chromedriver=2.18.343845 (73dd713ba7fbfb73cbb514e62641d8c96a94682a),platform=Windows NT 10.0 x86_64)
Error 13 raised: no such window: target window already closed
from unknown error: web view not found
  (Session info: chrome=48.0.2564.103)
  (Driver info: chromedriver=2.18.343845 (73dd713ba7fbfb73cbb514e62641d8c96a94682a),platform=Windows NT 10.0 x86_64)
Error 14 raised: no such window: target window already closed
from unknown error: web view not found
  (Session info: chrome=48.0.2564.103)
  (Driver info: chromedriver=2.18.343845 (73dd713ba7fbfb73cbb514e62641d8c96a94682a),platform=Windows NT 10.0 x86_64)
Error 15 raised: no such window: target window already closed
from unknown error: web view not found
  (Session info: chrome=48.0.2564.103)
  (Driver info: chromedriver=2.18.343845 (73dd713ba7fbfb73cbb514e62641d8c96a94682a),platform=Windows NT 10.0 x86_64)
Error 16 raised: no such window: target window already closed
from unknown error: web view not found
  (Session info: chrome=48.0.2564.103)
  (Driver info: chromedriver=2.18.343845 (73dd713ba7fbfb73cbb514e62641d8c96a94682a),platform=Windows NT 10.0 x86_64)
Error 17 raised: no such window: target window already closed
from unknown error: web view not found
  (Session info: chrome=48.0.2564.103)
  (Driver info: chromedriver=2.18.343845 (73dd713ba7fbfb73cbb514e62641d8c96a94682a),platform=Windows NT 10.0 x86_64)
Error 18 raised: no such window: target window already closed
from unknown error: web view not found
  (Session info: chrome=48.0.2564.103)
  (Driver info: chromedriver=2.18.343845 (73dd713ba7fbfb73cbb514e62641d8c96a94682a),platform=Windows NT 10.0 x86_64)
Error 19 raised: no such window: target window already closed
from unknown error: web view not found
  (Session info: chrome=48.0.2564.103)
  (Driver info: chromedriver=2.18.343845 (73dd713ba7fbfb73cbb514e62641d8c96a94682a),platform=Windows NT 10.0 x86_64)
Error 20 raised: no such window: target window already closed
from unknown error: web view not found
  (Session info: chrome=48.0.2564.103)
  (Driver info: chromedriver=2.18.343845 (73dd713ba7fbfb73cbb514e62641d8c96a94682a),platform=Windows NT 10.0 x86_64)
Error 1 raised: no such window: target window already closed
from unknown error: web view not found
  (Session info: chrome=48.0.2564.103)
  (Driver info: chromedriver=2.18.343845 (73dd713ba7fbfb73cbb514e62641d8c96a94682a),platform=Windows NT 10.0 x86_64)
Error 2 raised: no such window: target window already closed
from unknown error: web view not found
  (Session info: chrome=48.0.2564.103)
  (Driver info: chromedriver=2.18.343845 (73dd713ba7fbfb73cbb514e62641d8c96a94682a),platform=Windows NT 10.0 x86_64)
Error 3 raised: no such window: target window already closed
from unknown error: web view not found
  (Session info: chrome=48.0.2564.103)
  (Driver info: chromedriver=2.18.343845 (73dd713ba7fbfb73cbb514e62641d8c96a94682a),platform=Windows NT 10.0 x86_64)
Error 4 raised: no such window: target window already closed
from unknown error: web view not found
  (Session info: chrome=48.0.2564.103)
  (Driver info: chromedriver=2.18.343845 (73dd713ba7fbfb73cbb514e62641d8c96a94682a),platform=Windows NT 10.0 x86_64)
Error 5 raised: no such window: target window already closed
from unknown error: web view not found
  (Session info: chrome=48.0.2564.103)
  (Driver info: chromedriver=2.18.343845 (73dd713ba7fbfb73cbb514e62641d8c96a94682a),platform=Windows NT 10.0 x86_64)
Error 6 raised: no such window: target window already closed
from unknown error: web view not found
  (Session info: chrome=48.0.2564.103)
  (Driver info: chromedriver=2.18.343845 (73dd713ba7fbfb73cbb514e62641d8c96a94682a),platform=Windows NT 10.0 x86_64)
Error 7 raised: no such window: target window already closed
from unknown error: web view not found
  (Session info: chrome=48.0.2564.103)
  (Driver info: chromedriver=2.18.343845 (73dd713ba7fbfb73cbb514e62641d8c96a94682a),platform=Windows NT 10.0 x86_64)
Error 8 raised: no such window: target window already closed
from unknown error: web view not found
  (Session info: chrome=48.0.2564.103)
  (Driver info: chromedriver=2.18.343845 (73dd713ba7fbfb73cbb514e62641d8c96a94682a),platform=Windows NT 10.0 x86_64)
Error 9 raised: no such window: target window already closed
from unknown error: web view not found
  (Session info: chrome=48.0.2564.103)
  (Driver info: chromedriver=2.18.343845 (73dd713ba7fbfb73cbb514e62641d8c96a94682a),platform=Windows NT 10.0 x86_64)
Error 10 raised: no such window: target window already closed
from unknown error: web view not found
  (Session info: chrome=48.0.2564.103)
  (Driver info: chromedriver=2.18.343845 (73dd713ba7fbfb73cbb514e62641d8c96a94682a),platform=Windows NT 10.0 x86_64)
Error 11 raised: no such window: target window already closed
from unknown error: web view not found
  (Session info: chrome=48.0.2564.103)
  (Driver info: chromedriver=2.18.343845 (73dd713ba7fbfb73cbb514e62641d8c96a94682a),platform=Windows NT 10.0 x86_64)
Error 12 raised: no such window: target window already closed
from unknown error: web view not found
  (Session info: chrome=48.0.2564.103)
  (Driver info: chromedriver=2.18.343845 (73dd713ba7fbfb73cbb514e62641d8c96a94682a),platform=Windows NT 10.0 x86_64)
Error 13 raised: no such window: target window already closed
from unknown error: web view not found
  (Session info: chrome=48.0.2564.103)
  (Driver info: chromedriver=2.18.343845 (73dd713ba7fbfb73cbb514e62641d8c96a94682a),platform=Windows NT 10.0 x86_64)
Error 14 raised: no such window: target window already closed
from unknown error: web view not found
  (Session info: chrome=48.0.2564.103)
  (Driver info: chromedriver=2.18.343845 (73dd713ba7fbfb73cbb514e62641d8c96a94682a),platform=Windows NT 10.0 x86_64)
Error 15 raised: no such window: target window already closed
from unknown error: web view not found
  (Session info: chrome=48.0.2564.103)
  (Driver info: chromedriver=2.18.343845 (73dd713ba7fbfb73cbb514e62641d8c96a94682a),platform=Windows NT 10.0 x86_64)
Error 16 raised: no such window: target window already closed
from unknown error: web view not found
  (Session info: chrome=48.0.2564.103)
  (Driver info: chromedriver=2.18.343845 (73dd713ba7fbfb73cbb514e62641d8c96a94682a),platform=Windows NT 10.0 x86_64)
Error 17 raised: no such window: target window already closed
from unknown error: web view not found
  (Session info: chrome=48.0.2564.103)
  (Driver info: chromedriver=2.18.343845 (73dd713ba7fbfb73cbb514e62641d8c96a94682a),platform=Windows NT 10.0 x86_64)
Error 18 raised: no such window: target window already closed
from unknown error: web view not found
  (Session info: chrome=48.0.2564.103)
  (Driver info: chromedriver=2.18.343845 (73dd713ba7fbfb73cbb514e62641d8c96a94682a),platform=Windows NT 10.0 x86_64)
Error 19 raised: no such window: target window already closed
from unknown error: web view not found
  (Session info: chrome=48.0.2564.103)
  (Driver info: chromedriver=2.18.343845 (73dd713ba7fbfb73cbb514e62641d8c96a94682a),platform=Windows NT 10.0 x86_64)
Error 20 raised: no such window: target window already closed
from unknown error: web view not found
  (Session info: chrome=48.0.2564.103)
  (Driver info: chromedriver=2.18.343845 (73dd713ba7fbfb73cbb514e62641d8c96a94682a),platform=Windows NT 10.0 x86_64)
-&gt; error: Object reference not set to an instance of an object.
Then Extras page is displayed
-&gt; skipped because of previous errors
When I select extras
-&gt; skipped because of previous errors
Then Passengers page is displayed
-&gt; skipped because of previous errors
When I fill in passenger details with &lt;passengername&gt; and &lt;passengersurname&gt;
-&gt; skipped because of previous errors
And I pay for booking with details
  --- table step argument ---
  | VISA | 5555555555555557 | 10/18 | 265 | Piotr | Kula | Address | Dublin | 12345 | Ireland |
-&gt; binding error: Parameter count mismatch! The binding method &#39;RyanAirBookFlightsStepDefinitions.WhenIPayForBookingWithDetails()&#39; should have 1 parameters
Then I should get payment declined message
-&gt; skipped because of previous errors</pre>
                                <div class="errorMessage">Object reference not set to an instance of an object.</div>
                                <pre class="stackTrace">System.NullReferenceException: Object reference not set to an instance of an object.
   at RyanAirProject.Pages.RyanAirChooseFlightPageModel.SelectFare() in D:\Dokumenty\automation projects\Ryanair\SpecDriver\Pages\RyanAir\RyanAirChooseFlightPageModel.cs:line 43
   at RyanAirProject.StepDefinitions.RyanAirBookFlightsStepDefinitions.WhenISelectFlightNumber() in D:\Dokumenty\automation projects\Ryanair\SpecDriver\StepDefinitions\RyanAirBookFlightsStepDefinitions.cs:line 45
   at lambda_method(Closure , IContextManager )
   at TechTalk.SpecFlow.Bindings.BindingInvoker.InvokeBinding(IBinding binding, IContextManager contextManager, Object[] arguments, ITestTracer testTracer, TimeSpan&amp; duration)
   at TechTalk.SpecFlow.Infrastructure.TestExecutionEngine.ExecuteStepMatch(BindingMatch match, Object[] arguments)
   at TechTalk.SpecFlow.Infrastructure.TestExecutionEngine.ExecuteStep(StepInstance stepInstance)
   at TechTalk.SpecFlow.Infrastructure.TestExecutionEngine.OnAfterLastStep()
   at TechTalk.SpecFlow.TestRunner.CollectScenarioErrors()
   at RyanAir.Features.RyanAir.BookFlightsFeature.ScenarioCleanup() in D:\Dokumenty\automation projects\Ryanair\SpecDriver\Features\RyanAir\BookFlights.feature.cs:line 0
   at RyanAir.Features.RyanAir.BookFlightsFeature.BookAOneWayFlightForAdultsAndChildren(String airportfrom, String airportto, String flightdate, String nradults, String nrchildren, String cardtype, String cardnumber, String cvvcode, String cardvalid, String pas_Name, String pas_Surname, String pas_Title, String pas_Address, String pas_City, String pas_Postalcode, String pas_Country, String email, String phonecountry, String phonenumber, String[] exampleTags) in D:\Dokumenty\automation projects\Ryanair\SpecDriver\Features\RyanAir\BookFlights.feature:line 19
   at TechTalk.SpecRun.Framework.TaskExecutors.StaticOrInstanceMethodExecutor.ExecuteInternal(ITestThreadExecutionContext testThreadExecutionContext) in c:\TeamCity\BuildAgent\work\245a3e4d646c0875\TechTalk.SpecRun.Framework.Interfaces\TaskExecutors\StaticOrInstanceMethodExecutor.cs:line 40
   at TechTalk.SpecRun.Framework.TaskExecutors.StaticOrInstanceMethodExecutor.Execute(ITestThreadExecutionContext testThreadExecutionContext) in c:\TeamCity\BuildAgent\work\245a3e4d646c0875\TechTalk.SpecRun.Framework.Interfaces\TaskExecutors\StaticOrInstanceMethodExecutor.cs:line 21
   at TechTalk.SpecRun.Framework.TestAssemblyExecutor.ExecuteTestNodeTask(TestNode testNode, ITaskExecutor task, TraceEventType eventType) in c:\TeamCity\BuildAgent\work\245a3e4d646c0875\TechTalk.SpecRun.Framework.Executor\TestAssemblyExecutor.cs:line 215</pre>
                        </td>
                        <td>Failed in 54.149s</td>
                    </tr>
                    <tr>
                        <td>
                            <pre class="log"></pre>
                        </td>
                        <td>
                            <!-- [Cleanup: TestClass - RyanAir.Features.RyanAir.BookFlightsFeature] -->
                            <pre class="log"></pre>
                                <div class="errorMessage">no such window: target window already closed
from unknown error: web view not found
  (Session info: chrome=48.0.2564.103)
  (Driver info: chromedriver=2.18.343845 (73dd713ba7fbfb73cbb514e62641d8c96a94682a),platform=Windows NT 10.0 x86_64)</div>
                                <pre class="stackTrace">OpenQA.Selenium.NoSuchWindowException: no such window: target window already closed
from unknown error: web view not found
  (Session info: chrome=48.0.2564.103)
  (Driver info: chromedriver=2.18.343845 (73dd713ba7fbfb73cbb514e62641d8c96a94682a),platform=Windows NT 10.0 x86_64)
   at OpenQA.Selenium.Remote.RemoteWebDriver.UnpackAndThrowOnError(Response errorResponse)
   at OpenQA.Selenium.Remote.RemoteWebDriver.Execute(String driverCommandToExecute, Dictionary`2 parameters)
   at OpenQA.Selenium.Remote.RemoteWebDriver.Close()
   at RyanAirProject.StepDefinitions.Events.killBrowser() in D:\Dokumenty\automation projects\Ryanair\SpecDriver\StepDefinitions\Events.cs:line 51
   at lambda_method(Closure , IContextManager )
   at TechTalk.SpecFlow.Bindings.BindingInvoker.InvokeBinding(IBinding binding, IContextManager contextManager, Object[] arguments, ITestTracer testTracer, TimeSpan&amp; duration)
   at TechTalk.SpecFlow.Infrastructure.TestExecutionEngine.FireEvents(HookType bindingEvent)
   at TechTalk.SpecFlow.Infrastructure.TestExecutionEngine.OnFeatureEnd()
   at TechTalk.SpecFlow.TestRunner.OnFeatureEnd()
   at RyanAir.Features.RyanAir.BookFlightsFeature.FeatureTearDown() in D:\Dokumenty\automation projects\Ryanair\SpecDriver\Features\RyanAir\BookFlights.feature.cs:line 0
   at TechTalk.SpecRun.Framework.TaskExecutors.StaticOrInstanceMethodExecutor.ExecuteInternal(ITestThreadExecutionContext testThreadExecutionContext) in c:\TeamCity\BuildAgent\work\245a3e4d646c0875\TechTalk.SpecRun.Framework.Interfaces\TaskExecutors\StaticOrInstanceMethodExecutor.cs:line 40
   at TechTalk.SpecRun.Framework.TaskExecutors.StaticOrInstanceMethodExecutor.Execute(ITestThreadExecutionContext testThreadExecutionContext) in c:\TeamCity\BuildAgent\work\245a3e4d646c0875\TechTalk.SpecRun.Framework.Interfaces\TaskExecutors\StaticOrInstanceMethodExecutor.cs:line 21
   at TechTalk.SpecRun.Framework.TestAssemblyExecutor.ExecuteTestNodeTask(TestNode testNode, ITaskExecutor task, TraceEventType eventType) in c:\TeamCity\BuildAgent\work\245a3e4d646c0875\TechTalk.SpecRun.Framework.Executor\TestAssemblyExecutor.cs:line 215</pre>
                        </td>
                        <td>Failed in 0.004s</td>
                    </tr>
            </table>
	</body>
</html>
</a><div style='position: absolute; top:0px; right:10px; z-index: 1000; text-align: right; font-size: small; color: #FF5555'>
Generated by an evaluation version of SpecRun.<br />
This version can be used for evaluation purposes only.<br />
For obtaining a registered license please visit <a href='http://www.specflow.org/plus'>http://www.specflow.org/plus</a>.
</div>
